<?xml version="1.0" encoding="UTF-8"?>
<!-- Generated by org.testng.reporters.JUnitReportReporter -->
<testsuite hostname="DVCGO6111850" failures="0" tests="1" name="com.crm.qa.base.TestNGTodo2" time="19.284" errors="0" timestamp="2022-02-20T15:05:36 IST" skipped="0">
  <testcase classname="com.crm.qa.base.TestNGTodo2" name="basictest" time="19.284"/>
  <system-out/>
</testsuite> <!-- com.crm.qa.base.TestNGTodo2 -->
