<?xml version="1.0" encoding="UTF-8"?>
<!-- Generated by org.testng.reporters.JUnitReportReporter -->
<testsuite hostname="DVCGO6111850" failures="0" tests="1" name="test.TestNGTodo2" time="24.861" errors="0" timestamp="2022-02-20T19:38:18 IST" skipped="0">
  <testcase classname="test.TestNGTodo2" name="basictest" time="24.861"/>
  <system-out/>
</testsuite> <!-- test.TestNGTodo2 -->
